<?xml version="1.0" encoding="UTF-8"?>
<!-- Generated by org.testng.reporters.JUnitReportReporter -->
<testsuite name="postreqest" tests="1" time="8.319" ignored="0" failures="0" timestamp="13 Sep 2018 17:41:32 GMT" skipped="0" hostname="IN5CG6434WT0" errors="0">
  <testcase name="postdata" time="8.319" classname="postreqest"/>
</testsuite> <!-- postreqest -->
