<?xml version="1.0" encoding="UTF-8"?>
<!-- Generated by org.testng.reporters.JUnitReportReporter -->
<testsuite name="basics" tests="1" time="8.502" ignored="0" failures="0" timestamp="13 Sep 2018 18:36:45 GMT" skipped="0" hostname="IN5CG6434WT0" errors="0">
  <testcase name="Test" time="8.502" classname="basics"/>
</testsuite> <!-- basics -->
