<?xml version="1.0" encoding="UTF-8"?>
<!-- Generated by org.testng.reporters.JUnitReportReporter -->
<testsuite name="Getrequest" tests="1" time="8.489" ignored="0" failures="0" timestamp="13 Sep 2018 18:53:26 GMT" skipped="0" hostname="IN5CG6434WT0" errors="0">
  <testcase name="Test" time="8.489" classname="Getrequest"/>
</testsuite> <!-- Getrequest -->
